<?xml version="1.0" encoding="UTF-8"?>
<!-- Generated by org.testng.reporters.JUnitXMLReporter -->
<testsuite hostname="Vikrams-MacBook-Air.local" ignored="0" name="Default test" tests="3" failures="0" timestamp="2020-04-16T02:02:13 IST" time="16.847" errors="0">
  <testcase name="addCRMCustomer" time="6.19" classname="com.crm.ui.CRMAppAutomationTest"/>
  <testcase name="deleteCRMCustomer" time="2.312" classname="com.crm.ui.CRMAppAutomationTest"/>
  <testcase name="updateCRMCustomer" time="6.058" classname="com.crm.ui.CRMAppAutomationTest"/>
</testsuite> <!-- Default test -->
