<?xml version="1.0" encoding="UTF-8"?>
<!-- Generated by org.testng.reporters.JUnitXMLReporter -->
<testsuite hostname="DESKTOP-RQITN7E" ignored="0" name="Default test" tests="3" failures="0" timestamp="2020-04-16T23:03:53 IST" time="119.094" errors="0">
  <testcase name="feature" time="34.884" classname="cucumber.api.testng.AbstractTestNGCucumberTests"/>
  <testcase name="feature" time="50.216" classname="cucumber.api.testng.AbstractTestNGCucumberTests"/>
  <testcase name="feature" time="33.518" classname="cucumber.api.testng.AbstractTestNGCucumberTests"/>
</testsuite> <!-- Default test -->
