<?xml version="1.0" encoding="UTF-8"?>
<!-- Generated by org.testng.reporters.JUnitXMLReporter -->
<testsuite hostname="DESKTOP-RQITN7E" ignored="0" name="Test on REST API" tests="5" failures="0" timestamp="2020-04-14T13:57:52 IST" time="4.807" errors="0">
  <testcase name="testDemo" time="0.014" classname="com.crm.api.APIRequestTest"/>
  <testcase name="test_DELETERequest" time="3.809" classname="com.crm.api.APIRequestTest"/>
  <testcase name="test_GETRequest" time="0.146" classname="com.crm.api.APIRequestTest"/>
  <testcase name="test_POSTRequest" time="0.356" classname="com.crm.api.APIRequestTest"/>
  <testcase name="test_PUTRequest" time="0.375" classname="com.crm.api.APIRequestTest"/>
</testsuite> <!-- Test on REST API -->
