<?xml version="1.0" encoding="UTF-8"?>
<!-- Generated by org.testng.reporters.JUnitXMLReporter -->
<testsuite hostname="DESKTOP-EUF29Q1" ignored="0" name="Test on REST API" tests="5" failures="0" timestamp="2020-04-09T07:53:07 EDT" time="4.085" errors="0">
  <testcase name="testDemo" time="0.014" classname="com.crm.api.APIRequestTest"/>
  <testcase name="test_DELETERequest" time="3.311" classname="com.crm.api.APIRequestTest"/>
  <testcase name="test_GETRequest" time="0.427" classname="com.crm.api.APIRequestTest"/>
  <testcase name="test_POSTRequest" time="0.211" classname="com.crm.api.APIRequestTest"/>
  <testcase name="test_PUTRequest" time="0.042" classname="com.crm.api.APIRequestTest"/>
</testsuite> <!-- Test on REST API -->
