<?xml version="1.0" encoding="UTF-8"?>
<!-- Generated by org.testng.reporters.JUnitXMLReporter -->
<testsuite hostname="DESKTOP-RQITN7E" ignored="0" name="Test on CRM UI Automation using Cucumber" tests="3" failures="0" timestamp="2020-04-17T13:07:49 IST" time="131.969" errors="0">
  <testcase name="feature" time="45.025" classname="cucumber.api.testng.AbstractTestNGCucumberTests"/>
  <testcase name="feature" time="52.808" classname="cucumber.api.testng.AbstractTestNGCucumberTests"/>
  <testcase name="feature" time="33.456" classname="cucumber.api.testng.AbstractTestNGCucumberTests"/>
</testsuite> <!-- Test on CRM UI Automation using Cucumber -->
