<?xml version="1.0" encoding="UTF-8"?>
<!-- Generated by org.testng.reporters.JUnitXMLReporter -->
<testsuite hostname="DESKTOP-RQITN7E" ignored="0" name="Test on CRM UI Automation" tests="3" failures="0" timestamp="2020-04-14T13:58:22 IST" time="29.6" errors="0">
  <testcase name="addCRMCustomer" time="12.059" classname="com.crm.ui.CRMAppAutomationTest"/>
  <testcase name="deleteCRMCustomer" time="2.468" classname="com.crm.ui.CRMAppAutomationTest"/>
  <testcase name="updateCRMCustomer" time="6.376" classname="com.crm.ui.CRMAppAutomationTest"/>
</testsuite> <!-- Test on CRM UI Automation -->
