<?xml version="1.0" encoding="UTF-8"?>
<testng-results skipped="0" failed="0" ignored="0" total="3" passed="3">
  <reporter-output>
  </reporter-output>
  <suite name="CRM Test Suite" duration-ms="131969" started-at="2020-04-17T13:05:37 IST" finished-at="2020-04-17T13:07:49 IST">
    <groups>
      <group name="cucumber">
        <method signature="AbstractTestNGCucumberTests.feature(cucumber.api.testng.CucumberFeatureWrapper)[pri:0, instance:com.crm.cucumberOptions.TestRunner@5bb21b69]" name="feature" class="cucumber.api.testng.AbstractTestNGCucumberTests"/>
      </group> <!-- cucumber -->
    </groups>
    <test name="Test on CRM UI Automation using Cucumber" duration-ms="131969" started-at="2020-04-17T13:05:37 IST" finished-at="2020-04-17T13:07:49 IST">
      <class name="com.crm.cucumberOptions.TestRunner">
        <test-method status="PASS" signature="setUpClass()[pri:0, instance:com.crm.cucumberOptions.TestRunner@5bb21b69]" name="setUpClass" is-config="true" duration-ms="464" started-at="2020-04-17T13:05:37 IST" finished-at="2020-04-17T13:05:37 IST">
          <reporter-output>
          </reporter-output>
        </test-method> <!-- setUpClass -->
        <test-method status="PASS" signature="feature(cucumber.api.testng.CucumberFeatureWrapper)[pri:0, instance:com.crm.cucumberOptions.TestRunner@5bb21b69]" name="feature" duration-ms="45025" started-at="2020-04-17T13:05:37 IST" description="Runs Cucumber Feature" data-provider="features" finished-at="2020-04-17T13:06:22 IST">
          <params>
            <param index="0">
              <value>
                <![CDATA[Add Customer Feature]]>
              </value>
            </param>
          </params>
          <reporter-output>
          </reporter-output>
        </test-method> <!-- feature -->
        <test-method status="PASS" signature="feature(cucumber.api.testng.CucumberFeatureWrapper)[pri:0, instance:com.crm.cucumberOptions.TestRunner@5bb21b69]" name="feature" duration-ms="52808" started-at="2020-04-17T13:06:22 IST" description="Runs Cucumber Feature" data-provider="features" finished-at="2020-04-17T13:07:15 IST">
          <params>
            <param index="0">
              <value>
                <![CDATA[Delete Customer Feature]]>
              </value>
            </param>
          </params>
          <reporter-output>
          </reporter-output>
        </test-method> <!-- feature -->
        <test-method status="PASS" signature="feature(cucumber.api.testng.CucumberFeatureWrapper)[pri:0, instance:com.crm.cucumberOptions.TestRunner@5bb21b69]" name="feature" duration-ms="33456" started-at="2020-04-17T13:07:15 IST" description="Runs Cucumber Feature" data-provider="features" finished-at="2020-04-17T13:07:49 IST">
          <params>
            <param index="0">
              <value>
                <![CDATA[Update Customer Feature]]>
              </value>
            </param>
          </params>
          <reporter-output>
          </reporter-output>
        </test-method> <!-- feature -->
        <test-method status="PASS" signature="tearDownClass()[pri:0, instance:com.crm.cucumberOptions.TestRunner@5bb21b69]" name="tearDownClass" is-config="true" duration-ms="8" started-at="2020-04-17T13:07:49 IST" finished-at="2020-04-17T13:07:49 IST">
          <reporter-output>
          </reporter-output>
        </test-method> <!-- tearDownClass -->
      </class> <!-- com.crm.cucumberOptions.TestRunner -->
    </test> <!-- Test on CRM UI Automation using Cucumber -->
  </suite> <!-- CRM Test Suite -->
</testng-results>
